Deploy complete @ Tue Jun 27 2017 13:13:47 GMT-0700 (PDT). added/changed 1 file(s): sections/template-collection-owen_backup.liquid.
Deploy complete @ Tue Jun 27 2017 13:20:18 GMT-0700 (PDT). added/changed 1 file(s): snippets/shop-sidebar.liquid.
Deploy complete @ Tue Jun 27 2017 13:20:31 GMT-0700 (PDT). added/changed 1 file(s): snippets/shop-sidebar.liquid.
Deploy complete @ Tue Jun 27 2017 13:21:10 GMT-0700 (PDT). added/changed 1 file(s): snippets/shop-sidebar.liquid.
Deploy complete @ Tue Jun 27 2017 13:22:48 GMT-0700 (PDT). added/changed 1 file(s): snippets/shop-sidebar.liquid.
Deploy complete @ Tue Jun 27 2017 13:35:36 GMT-0700 (PDT). added/changed 1 file(s): snippets/collection-toolbar.liquid.
Deploy complete @ Tue Jun 27 2017 13:35:51 GMT-0700 (PDT). added/changed 1 file(s): snippets/collection-toolbar.liquid.
Deploy complete @ Tue Jun 27 2017 13:36:51 GMT-0700 (PDT). added/changed 1 file(s): snippets/collection-toolbar.liquid.
Deploy complete @ Tue Jun 27 2017 13:42:09 GMT-0700 (PDT). added/changed 1 file(s): snippets/collection-toolbar.liquid.
Deploy complete @ Tue Jun 27 2017 14:05:25 GMT-0700 (PDT). added/changed 8 file(s): assets/css.flipclock.css.liquid, assets/css.gruit-popup.css.liquid, assets/css.collection.scss.liquid, assets/css.dependency.scss.liquid, assets/css.global.scss.liquid, assets/css.home.scss.liquid, assets/css.product_boxed.scss.liquid, assets/theme.scss.liquid.
Deploy complete @ Tue Jun 27 2017 15:38:03 GMT-0700 (PDT). added/changed 1 file(s): snippets/header-menu.liquid.
Deploy complete @ Tue Jun 27 2017 15:38:49 GMT-0700 (PDT). added/changed 1 file(s): snippets/header-menu.liquid.
Deploy complete @ Tue Jun 27 2017 15:39:33 GMT-0700 (PDT). added/changed 1 file(s): snippets/header-menu.liquid.
Deploy complete @ Tue Jun 27 2017 16:19:29 GMT-0700 (PDT). added/changed 8 file(s): assets/css.flipclock.css.liquid, assets/css.gruit-popup.css.liquid, assets/css.collection.scss.liquid, assets/css.dependency.scss.liquid, assets/css.global.scss.liquid, assets/css.home.scss.liquid, assets/css.product_boxed.scss.liquid, assets/theme.scss.liquid.
Deploy complete @ Tue Jun 27 2017 16:24:48 GMT-0700 (PDT). added/changed 8 file(s): assets/css.flipclock.css.liquid, assets/css.gruit-popup.css.liquid, assets/css.collection.scss.liquid, assets/css.dependency.scss.liquid, assets/css.global.scss.liquid, assets/css.home.scss.liquid, assets/css.product_boxed.scss.liquid, assets/theme.scss.liquid.
Deploy complete @ Tue Jun 27 2017 16:32:29 GMT-0700 (PDT). added/changed 1 file(s): templates/product.boxed.liquid.
Deploy complete @ Tue Jun 27 2017 16:34:18 GMT-0700 (PDT). added/changed 1 file(s): templates/product.boxed.liquid.
Deploy complete @ Wed Jun 28 2017 10:41:36 GMT-0700 (PDT). added/changed 1 file(s): templates/product.boxed.liquid.
Deploy complete @ Wed Jun 28 2017 11:01:20 GMT-0700 (PDT). added/changed 8 file(s): assets/css.flipclock.css.liquid, assets/css.gruit-popup.css.liquid, assets/css.collection.scss.liquid, assets/css.dependency.scss.liquid, assets/css.global.scss.liquid, assets/css.home.scss.liquid, assets/css.product_boxed.scss.liquid, assets/theme.scss.liquid.
Deploy complete @ Wed Jun 28 2017 11:02:33 GMT-0700 (PDT). added/changed 8 file(s): assets/css.flipclock.css.liquid, assets/css.gruit-popup.css.liquid, assets/css.collection.scss.liquid, assets/css.dependency.scss.liquid, assets/css.global.scss.liquid, assets/css.home.scss.liquid, assets/css.product_boxed.scss.liquid, assets/theme.scss.liquid.
Deploy complete @ Wed Jun 28 2017 11:04:35 GMT-0700 (PDT). added/changed 8 file(s): assets/css.flipclock.css.liquid, assets/css.gruit-popup.css.liquid, assets/css.collection.scss.liquid, assets/css.dependency.scss.liquid, assets/css.global.scss.liquid, assets/css.home.scss.liquid, assets/css.product_boxed.scss.liquid, assets/theme.scss.liquid.
Deploy complete @ Wed Jun 28 2017 11:09:23 GMT-0700 (PDT). added/changed 8 file(s): assets/css.flipclock.css.liquid, assets/css.gruit-popup.css.liquid, assets/css.collection.scss.liquid, assets/css.dependency.scss.liquid, assets/css.global.scss.liquid, assets/css.home.scss.liquid, assets/css.product_boxed.scss.liquid, assets/theme.scss.liquid.
Deploy complete @ Wed Jun 28 2017 11:10:15 GMT-0700 (PDT). added/changed 8 file(s): assets/css.flipclock.css.liquid, assets/css.gruit-popup.css.liquid, assets/css.collection.scss.liquid, assets/css.dependency.scss.liquid, assets/css.global.scss.liquid, assets/css.home.scss.liquid, assets/css.product_boxed.scss.liquid, assets/theme.scss.liquid.
Deploy complete @ Wed Jun 28 2017 11:10:37 GMT-0700 (PDT). added/changed 8 file(s): assets/css.flipclock.css.liquid, assets/css.gruit-popup.css.liquid, assets/css.collection.scss.liquid, assets/css.dependency.scss.liquid, assets/css.global.scss.liquid, assets/css.home.scss.liquid, assets/css.product_boxed.scss.liquid, assets/theme.scss.liquid.
Deploy complete @ Wed Jun 28 2017 11:18:12 GMT-0700 (PDT). added/changed 8 file(s): assets/css.flipclock.css.liquid, assets/css.gruit-popup.css.liquid, assets/css.collection.scss.liquid, assets/css.dependency.scss.liquid, assets/css.global.scss.liquid, assets/css.home.scss.liquid, assets/css.product_boxed.scss.liquid, assets/theme.scss.liquid.
Deploy complete @ Wed Jun 28 2017 11:19:45 GMT-0700 (PDT). added/changed 8 file(s): assets/css.flipclock.css.liquid, assets/css.gruit-popup.css.liquid, assets/css.collection.scss.liquid, assets/css.dependency.scss.liquid, assets/css.global.scss.liquid, assets/css.home.scss.liquid, assets/css.product_boxed.scss.liquid, assets/theme.scss.liquid.
Deploy complete @ Wed Jun 28 2017 11:20:26 GMT-0700 (PDT). added/changed 8 file(s): assets/css.flipclock.css.liquid, assets/css.gruit-popup.css.liquid, assets/css.collection.scss.liquid, assets/css.dependency.scss.liquid, assets/css.global.scss.liquid, assets/css.home.scss.liquid, assets/css.product_boxed.scss.liquid, assets/theme.scss.liquid.
Deploy complete @ Wed Jun 28 2017 11:20:54 GMT-0700 (PDT). added/changed 8 file(s): assets/css.flipclock.css.liquid, assets/css.gruit-popup.css.liquid, assets/css.collection.scss.liquid, assets/css.dependency.scss.liquid, assets/css.global.scss.liquid, assets/css.home.scss.liquid, assets/css.product_boxed.scss.liquid, assets/theme.scss.liquid.
Deploy complete @ Wed Jun 28 2017 11:21:51 GMT-0700 (PDT). added/changed 8 file(s): assets/css.flipclock.css.liquid, assets/css.gruit-popup.css.liquid, assets/css.collection.scss.liquid, assets/css.dependency.scss.liquid, assets/css.global.scss.liquid, assets/css.home.scss.liquid, assets/css.product_boxed.scss.liquid, assets/theme.scss.liquid.
Deploy complete @ Wed Jun 28 2017 11:22:57 GMT-0700 (PDT). added/changed 8 file(s): assets/css.flipclock.css.liquid, assets/css.gruit-popup.css.liquid, assets/css.collection.scss.liquid, assets/css.dependency.scss.liquid, assets/css.global.scss.liquid, assets/css.home.scss.liquid, assets/css.product_boxed.scss.liquid, assets/theme.scss.liquid.
Deploy complete @ Wed Jun 28 2017 11:25:43 GMT-0700 (PDT). added/changed 8 file(s): assets/css.flipclock.css.liquid, assets/css.gruit-popup.css.liquid, assets/css.collection.scss.liquid, assets/css.dependency.scss.liquid, assets/css.global.scss.liquid, assets/css.home.scss.liquid, assets/css.product_boxed.scss.liquid, assets/theme.scss.liquid.
Deploy complete @ Wed Jun 28 2017 11:25:50 GMT-0700 (PDT). added/changed 8 file(s): assets/css.flipclock.css.liquid, assets/css.gruit-popup.css.liquid, assets/css.collection.scss.liquid, assets/css.dependency.scss.liquid, assets/css.global.scss.liquid, assets/css.home.scss.liquid, assets/css.product_boxed.scss.liquid, assets/theme.scss.liquid.
Deploy complete @ Wed Jun 28 2017 11:26:57 GMT-0700 (PDT). added/changed 8 file(s): assets/css.flipclock.css.liquid, assets/css.gruit-popup.css.liquid, assets/css.collection.scss.liquid, assets/css.dependency.scss.liquid, assets/css.global.scss.liquid, assets/css.home.scss.liquid, assets/css.product_boxed.scss.liquid, assets/theme.scss.liquid.
Deploy complete @ Wed Jun 28 2017 11:50:05 GMT-0700 (PDT). added/changed 6 file(s): assets/css.flipclock.css.liquid, assets/css.gruit-popup.css.liquid, assets/css.collection.scss.liquid, assets/css.dependency.scss.liquid, assets/css.global.scss.liquid, assets/css.home.scss.liquid.
Deploy complete @ Wed Jun 28 2017 11:50:17 GMT-0700 (PDT). added/changed 8 file(s): assets/css.flipclock.css.liquid, assets/css.gruit-popup.css.liquid, assets/css.collection.scss.liquid, assets/css.dependency.scss.liquid, assets/css.global.scss.liquid, assets/css.home.scss.liquid, assets/css.product_boxed.scss.liquid, assets/theme.scss.liquid.
Deploy complete @ Wed Jun 28 2017 11:51:25 GMT-0700 (PDT). added/changed 8 file(s): assets/css.flipclock.css.liquid, assets/css.gruit-popup.css.liquid, assets/css.collection.scss.liquid, assets/css.dependency.scss.liquid, assets/css.global.scss.liquid, assets/css.home.scss.liquid, assets/css.product_boxed.scss.liquid, assets/theme.scss.liquid.
Deploy complete @ Wed Jun 28 2017 11:52:08 GMT-0700 (PDT). added/changed 8 file(s): assets/css.flipclock.css.liquid, assets/css.gruit-popup.css.liquid, assets/css.collection.scss.liquid, assets/css.dependency.scss.liquid, assets/css.global.scss.liquid, assets/css.home.scss.liquid, assets/css.product_boxed.scss.liquid, assets/theme.scss.liquid.
Deploy complete @ Wed Jun 28 2017 11:53:57 GMT-0700 (PDT). added/changed 8 file(s): assets/css.flipclock.css.liquid, assets/css.gruit-popup.css.liquid, assets/css.collection.scss.liquid, assets/css.dependency.scss.liquid, assets/css.global.scss.liquid, assets/css.home.scss.liquid, assets/css.product_boxed.scss.liquid, assets/theme.scss.liquid.
Deploy complete @ Wed Jun 28 2017 11:55:10 GMT-0700 (PDT). added/changed 8 file(s): assets/css.flipclock.css.liquid, assets/css.gruit-popup.css.liquid, assets/css.collection.scss.liquid, assets/css.dependency.scss.liquid, assets/css.global.scss.liquid, assets/css.home.scss.liquid, assets/css.product_boxed.scss.liquid, assets/theme.scss.liquid.
Deploy complete @ Wed Jun 28 2017 11:58:45 GMT-0700 (PDT). added/changed 8 file(s): assets/css.flipclock.css.liquid, assets/css.gruit-popup.css.liquid, assets/css.collection.scss.liquid, assets/css.dependency.scss.liquid, assets/css.global.scss.liquid, assets/css.home.scss.liquid, assets/css.product_boxed.scss.liquid, assets/theme.scss.liquid.
Deploy complete @ Wed Jun 28 2017 12:15:57 GMT-0700 (PDT). added/changed 8 file(s): assets/css.flipclock.css.liquid, assets/css.gruit-popup.css.liquid, assets/css.collection.scss.liquid, assets/css.dependency.scss.liquid, assets/css.global.scss.liquid, assets/css.home.scss.liquid, assets/css.product_boxed.scss.liquid, assets/theme.scss.liquid.
Deploy complete @ Wed Jun 28 2017 12:25:28 GMT-0700 (PDT). added/changed 8 file(s): assets/css.flipclock.css.liquid, assets/css.gruit-popup.css.liquid, assets/css.collection.scss.liquid, assets/css.dependency.scss.liquid, assets/css.global.scss.liquid, assets/css.home.scss.liquid, assets/css.product_boxed.scss.liquid, assets/theme.scss.liquid.
Deploy complete @ Wed Jun 28 2017 12:26:55 GMT-0700 (PDT). added/changed 8 file(s): assets/css.flipclock.css.liquid, assets/css.gruit-popup.css.liquid, assets/css.collection.scss.liquid, assets/css.dependency.scss.liquid, assets/css.global.scss.liquid, assets/css.home.scss.liquid, assets/css.product_boxed.scss.liquid, assets/theme.scss.liquid.
Deploy complete @ Wed Jun 28 2017 12:28:58 GMT-0700 (PDT). added/changed 1 file(s): templates/product.boxed.liquid.
Deploy complete @ Wed Jun 28 2017 12:56:30 GMT-0700 (PDT). added/changed 8 file(s): assets/css.flipclock.css.liquid, assets/css.gruit-popup.css.liquid, assets/css.collection.scss.liquid, assets/css.dependency.scss.liquid, assets/css.global.scss.liquid, assets/css.home.scss.liquid, assets/css.product_boxed.scss.liquid, assets/theme.scss.liquid.
Deploy complete @ Wed Jun 28 2017 12:58:38 GMT-0700 (PDT). added/changed 8 file(s): assets/css.flipclock.css.liquid, assets/css.gruit-popup.css.liquid, assets/css.collection.scss.liquid, assets/css.dependency.scss.liquid, assets/css.global.scss.liquid, assets/css.home.scss.liquid, assets/css.product_boxed.scss.liquid, assets/theme.scss.liquid.
Deploy complete @ Wed Jun 28 2017 13:00:25 GMT-0700 (PDT). added/changed 8 file(s): assets/css.flipclock.css.liquid, assets/css.gruit-popup.css.liquid, assets/css.collection.scss.liquid, assets/css.dependency.scss.liquid, assets/css.global.scss.liquid, assets/css.home.scss.liquid, assets/css.product_boxed.scss.liquid, assets/theme.scss.liquid.
Deploy complete @ Wed Jun 28 2017 13:02:19 GMT-0700 (PDT). added/changed 8 file(s): assets/css.flipclock.css.liquid, assets/css.gruit-popup.css.liquid, assets/css.collection.scss.liquid, assets/css.dependency.scss.liquid, assets/css.global.scss.liquid, assets/css.home.scss.liquid, assets/css.product_boxed.scss.liquid, assets/theme.scss.liquid.
Deploy complete @ Wed Jun 28 2017 13:03:16 GMT-0700 (PDT). added/changed 8 file(s): assets/css.flipclock.css.liquid, assets/css.gruit-popup.css.liquid, assets/css.collection.scss.liquid, assets/css.dependency.scss.liquid, assets/css.global.scss.liquid, assets/css.home.scss.liquid, assets/css.product_boxed.scss.liquid, assets/theme.scss.liquid.
Deploy complete @ Wed Jun 28 2017 13:05:51 GMT-0700 (PDT). added/changed 8 file(s): assets/css.flipclock.css.liquid, assets/css.gruit-popup.css.liquid, assets/css.collection.scss.liquid, assets/css.dependency.scss.liquid, assets/css.global.scss.liquid, assets/css.home.scss.liquid, assets/css.product_boxed.scss.liquid, assets/theme.scss.liquid.
Deploy complete @ Wed Jun 28 2017 13:07:25 GMT-0700 (PDT). added/changed 8 file(s): assets/css.flipclock.css.liquid, assets/css.gruit-popup.css.liquid, assets/css.collection.scss.liquid, assets/css.dependency.scss.liquid, assets/css.global.scss.liquid, assets/css.home.scss.liquid, assets/css.product_boxed.scss.liquid, assets/theme.scss.liquid.
Deploy complete @ Wed Jun 28 2017 13:08:40 GMT-0700 (PDT). added/changed 8 file(s): assets/css.flipclock.css.liquid, assets/css.gruit-popup.css.liquid, assets/css.collection.scss.liquid, assets/css.dependency.scss.liquid, assets/css.global.scss.liquid, assets/css.home.scss.liquid, assets/css.product_boxed.scss.liquid, assets/theme.scss.liquid.
Deploy complete @ Wed Jun 28 2017 13:20:24 GMT-0700 (PDT). added/changed 8 file(s): assets/css.flipclock.css.liquid, assets/css.gruit-popup.css.liquid, assets/css.collection.scss.liquid, assets/css.dependency.scss.liquid, assets/css.global.scss.liquid, assets/css.home.scss.liquid, assets/css.product_boxed.scss.liquid, assets/theme.scss.liquid.
Deploy complete @ Wed Jun 28 2017 13:23:57 GMT-0700 (PDT). added/changed 1 file(s): templates/product.boxed.liquid.
Deploy complete @ Wed Jun 28 2017 13:24:37 GMT-0700 (PDT). added/changed 1 file(s): templates/product.boxed.liquid.
Deploy complete @ Wed Jun 28 2017 13:25:47 GMT-0700 (PDT). added/changed 1 file(s): templates/product.boxed.liquid.
Deploy complete @ Wed Jun 28 2017 13:30:52 GMT-0700 (PDT). added/changed 2 file(s): templates/product.boxed.liquid, snippets/scripts.liquid.
Deploy complete @ Wed Jun 28 2017 13:31:32 GMT-0700 (PDT). added/changed 1 file(s): templates/product.boxed.liquid.
Deploy complete @ Wed Jun 28 2017 13:32:11 GMT-0700 (PDT). added/changed 1 file(s): templates/product.boxed.liquid.
Deploy complete @ Wed Jun 28 2017 13:32:34 GMT-0700 (PDT). added/changed 1 file(s): templates/product.boxed.liquid.
Deploy complete @ Wed Jun 28 2017 13:33:00 GMT-0700 (PDT). added/changed 1 file(s): templates/product.boxed.liquid.
Deploy complete @ Wed Jun 28 2017 13:33:51 GMT-0700 (PDT). added/changed 1 file(s): templates/product.boxed.liquid.
Deploy complete @ Wed Jun 28 2017 13:34:28 GMT-0700 (PDT). added/changed 1 file(s): templates/product.boxed.liquid.
Deploy complete @ Wed Jun 28 2017 14:05:50 GMT-0700 (PDT). added/changed 1 file(s): templates/product.boxed.liquid.
Deploy complete @ Wed Jun 28 2017 14:05:58 GMT-0700 (PDT). added/changed 1 file(s): templates/product.boxed.liquid.
Deploy complete @ Wed Jun 28 2017 14:09:05 GMT-0700 (PDT). added/changed 1 file(s): templates/product.boxed.liquid.
Deploy complete @ Wed Jun 28 2017 14:09:53 GMT-0700 (PDT). added/changed 1 file(s): templates/product.boxed.liquid.
Deploy complete @ Wed Jun 28 2017 14:29:02 GMT-0700 (PDT). added/changed 1 file(s): templates/product.boxed.liquid.
Deploy complete @ Wed Jun 28 2017 14:31:16 GMT-0700 (PDT). added/changed 1 file(s): templates/product.boxed.liquid.
Deploy complete @ Wed Jun 28 2017 14:32:26 GMT-0700 (PDT). added/changed 2 file(s): templates/product.boxed.liquid, snippets/scripts.liquid.
Deploy complete @ Wed Jun 28 2017 14:32:57 GMT-0700 (PDT). added/changed 2 file(s): templates/product.boxed.liquid, snippets/scripts.liquid.
Deploy complete @ Wed Jun 28 2017 14:33:10 GMT-0700 (PDT). added/changed 1 file(s): snippets/scripts.liquid.
Deploy complete @ Wed Jun 28 2017 14:33:46 GMT-0700 (PDT). added/changed 1 file(s): snippets/scripts.liquid.
Deploy complete @ Wed Jun 28 2017 14:35:29 GMT-0700 (PDT). added/changed 1 file(s): snippets/scripts.liquid.
Deploy complete @ Wed Jun 28 2017 14:36:45 GMT-0700 (PDT). added/changed 1 file(s): snippets/scripts.liquid.
Deploy complete @ Wed Jun 28 2017 14:37:13 GMT-0700 (PDT). added/changed 1 file(s): snippets/scripts.liquid.
Deploy complete @ Wed Jun 28 2017 15:06:38 GMT-0700 (PDT). added/changed 1 file(s): templates/product.boxed.liquid.
Deploy complete @ Wed Jun 28 2017 15:15:47 GMT-0700 (PDT). added/changed 1 file(s): templates/product.boxed.liquid.
Deploy complete @ Wed Jun 28 2017 15:22:22 GMT-0700 (PDT). added/changed 8 file(s): assets/css.flipclock.css.liquid, assets/css.gruit-popup.css.liquid, assets/css.collection.scss.liquid, assets/css.dependency.scss.liquid, assets/css.global.scss.liquid, assets/css.home.scss.liquid, assets/css.product_boxed.scss.liquid, assets/theme.scss.liquid.
Deploy complete @ Wed Jun 28 2017 15:22:23 GMT-0700 (PDT). added/changed 1 file(s): templates/product.boxed.liquid.
Deploy complete @ Wed Jun 28 2017 15:22:37 GMT-0700 (PDT). added/changed 8 file(s): assets/css.flipclock.css.liquid, assets/css.gruit-popup.css.liquid, assets/css.collection.scss.liquid, assets/css.dependency.scss.liquid, assets/css.global.scss.liquid, assets/css.home.scss.liquid, assets/css.product_boxed.scss.liquid, assets/theme.scss.liquid.
Deploy complete @ Wed Jun 28 2017 15:23:57 GMT-0700 (PDT). added/changed 8 file(s): assets/css.flipclock.css.liquid, assets/css.gruit-popup.css.liquid, assets/css.collection.scss.liquid, assets/css.dependency.scss.liquid, assets/css.global.scss.liquid, assets/css.home.scss.liquid, assets/css.product_boxed.scss.liquid, assets/theme.scss.liquid.
Deploy complete @ Wed Jun 28 2017 15:26:16 GMT-0700 (PDT). added/changed 8 file(s): assets/css.flipclock.css.liquid, assets/css.gruit-popup.css.liquid, assets/css.collection.scss.liquid, assets/css.dependency.scss.liquid, assets/css.global.scss.liquid, assets/css.home.scss.liquid, assets/css.product_boxed.scss.liquid, assets/theme.scss.liquid.
Deploy complete @ Wed Jun 28 2017 15:26:49 GMT-0700 (PDT). added/changed 8 file(s): assets/css.flipclock.css.liquid, assets/css.gruit-popup.css.liquid, assets/css.collection.scss.liquid, assets/css.dependency.scss.liquid, assets/css.global.scss.liquid, assets/css.home.scss.liquid, assets/css.product_boxed.scss.liquid, assets/theme.scss.liquid.
Deploy complete @ Wed Jun 28 2017 15:35:44 GMT-0700 (PDT). added/changed 8 file(s): assets/css.flipclock.css.liquid, assets/css.gruit-popup.css.liquid, assets/css.collection.scss.liquid, assets/css.dependency.scss.liquid, assets/css.global.scss.liquid, assets/css.home.scss.liquid, assets/css.product_boxed.scss.liquid, assets/theme.scss.liquid.
Deploy complete @ Wed Jun 28 2017 15:42:59 GMT-0700 (PDT). added/changed 1 file(s): templates/product.boxed.liquid.
Deploy complete @ Wed Jun 28 2017 15:44:30 GMT-0700 (PDT). added/changed 1 file(s): templates/product.boxed.liquid.
Deploy complete @ Wed Jun 28 2017 15:45:27 GMT-0700 (PDT). added/changed 1 file(s): templates/product.boxed.liquid.
Deploy complete @ Wed Jun 28 2017 15:50:19 GMT-0700 (PDT). added/changed 1 file(s): templates/product.boxed.liquid.
Deploy complete @ Wed Jun 28 2017 15:51:18 GMT-0700 (PDT). added/changed 1 file(s): templates/product.boxed.liquid.
Deploy complete @ Wed Jun 28 2017 15:52:59 GMT-0700 (PDT). added/changed 1 file(s): templates/product.boxed.liquid.
Deploy complete @ Wed Jun 28 2017 15:53:50 GMT-0700 (PDT). added/changed 1 file(s): templates/product.boxed.liquid.
Deploy complete @ Wed Jun 28 2017 15:54:01 GMT-0700 (PDT). added/changed 1 file(s): templates/product.boxed.liquid.
Deploy complete @ Wed Jun 28 2017 15:55:40 GMT-0700 (PDT). added/changed 1 file(s): snippets/scripts.liquid.
Deploy complete @ Wed Jun 28 2017 15:57:08 GMT-0700 (PDT). added/changed 8 file(s): assets/css.flipclock.css.liquid, assets/css.gruit-popup.css.liquid, assets/css.collection.scss.liquid, assets/css.dependency.scss.liquid, assets/css.global.scss.liquid, assets/css.home.scss.liquid, assets/css.product_boxed.scss.liquid, assets/theme.scss.liquid.
Deploy complete @ Wed Jun 28 2017 15:57:15 GMT-0700 (PDT). added/changed 8 file(s): assets/css.gruit-popup.css.liquid, assets/css.flipclock.css.liquid, assets/css.collection.scss.liquid, assets/css.global.scss.liquid, assets/css.dependency.scss.liquid, assets/css.home.scss.liquid, assets/css.product_boxed.scss.liquid, assets/theme.scss.liquid.
Deploy complete @ Wed Jun 28 2017 16:04:09 GMT-0700 (PDT). added/changed 8 file(s): assets/css.flipclock.css.liquid, assets/css.gruit-popup.css.liquid, assets/css.collection.scss.liquid, assets/css.dependency.scss.liquid, assets/css.global.scss.liquid, assets/css.home.scss.liquid, assets/css.product_boxed.scss.liquid, assets/theme.scss.liquid.
Deploy complete @ Wed Jun 28 2017 16:04:59 GMT-0700 (PDT). added/changed 8 file(s): assets/css.flipclock.css.liquid, assets/css.gruit-popup.css.liquid, assets/css.collection.scss.liquid, assets/css.dependency.scss.liquid, assets/css.global.scss.liquid, assets/css.home.scss.liquid, assets/css.product_boxed.scss.liquid, assets/theme.scss.liquid.
Deploy complete @ Wed Jun 28 2017 16:08:51 GMT-0700 (PDT). added/changed 8 file(s): assets/css.flipclock.css.liquid, assets/css.gruit-popup.css.liquid, assets/css.collection.scss.liquid, assets/css.dependency.scss.liquid, assets/css.global.scss.liquid, assets/css.home.scss.liquid, assets/css.product_boxed.scss.liquid, assets/theme.scss.liquid.
